2024-05-12T21:42:40.939  WARN --- [  MainThread] localstack.deprecations    : DEFAULT_REGION is deprecated (since 0.12.7) and will be removed in upcoming releases of LocalStack! LocalStack now has full multi-region support. Please remove this environment variable.
2024-05-12T21:42:41.754  WARN --- [-functhread3] hypercorn.error            : ASGI Framework Lifespan error, continuing without Lifespan support
2024-05-12T21:42:41.754  WARN --- [-functhread3] hypercorn.error            : ASGI Framework Lifespan error, continuing without Lifespan support
2024-05-12T21:42:41.755  INFO --- [-functhread3] hypercorn.error            : Running on https://0.0.0.0:4566 (CTRL + C to quit)
2024-05-12T21:42:41.755  INFO --- [-functhread3] hypercorn.error            : Running on https://0.0.0.0:4566 (CTRL + C to quit)
2024-05-12T21:42:41.857  INFO --- [  MainThread] localstack.utils.bootstrap : Execution of "start_runtime_components" took 602.24ms
2024-05-12T21:46:15.918  WARN --- [   asgi_gw_0] localstack.aws.accounts    : Ignoring production AWS credentials provided to LocalStack. Falling back to default account ID.
2024-05-12T21:46:16.844  INFO --- [   asgi_gw_0] localstack.request.aws     : AWS ssm.GetParametersByPath => 200
2024-05-12T21:46:16.862  WARN --- [   asgi_gw_1] localstack.aws.accounts    : Ignoring production AWS credentials provided to LocalStack. Falling back to default account ID.
2024-05-12T21:46:16.863  INFO --- [   asgi_gw_1] localstack.request.aws     : AWS ssm.GetParametersByPath => 200
2024-05-12T21:46:16.918  WARN --- [   asgi_gw_0] localstack.aws.accounts    : Ignoring production AWS credentials provided to LocalStack. Falling back to default account ID.
2024-05-12T21:46:16.924  INFO --- [   asgi_gw_0] localstack.request.aws     : AWS ssm.GetParametersByPath => 200
2024-05-12T21:46:16.982  WARN --- [   asgi_gw_1] localstack.aws.accounts    : Ignoring production AWS credentials provided to LocalStack. Falling back to default account ID.
2024-05-12T21:46:16.988  INFO --- [   asgi_gw_1] localstack.request.aws     : AWS ssm.GetParametersByPath => 200
2024-05-12T21:57:03.425  INFO --- [   asgi_gw_0] localstack.utils.bootstrap : Execution of "_load_service_plugin" took 734.17ms
2024-05-12T21:57:03.431  INFO --- [   asgi_gw_0] localstack.utils.bootstrap : Execution of "require" took 740.62ms
2024-05-12T21:57:03.657  INFO --- [   asgi_gw_1] localstack.request.aws     : AWS ssm.PutParameter => 200
2024-05-12T22:21:28.061  WARN --- [   asgi_gw_0] localstack.aws.accounts    : Ignoring production AWS credentials provided to LocalStack. Falling back to default account ID.
2024-05-12T22:21:28.067  INFO --- [   asgi_gw_0] localstack.request.aws     : AWS ssm.GetParametersByPath => 200
2024-05-12T22:21:28.110  WARN --- [   asgi_gw_2] localstack.aws.accounts    : Ignoring production AWS credentials provided to LocalStack. Falling back to default account ID.
2024-05-12T22:21:28.113  INFO --- [   asgi_gw_2] localstack.request.aws     : AWS ssm.GetParametersByPath => 200
2024-05-12T22:21:28.162  WARN --- [   asgi_gw_0] localstack.aws.accounts    : Ignoring production AWS credentials provided to LocalStack. Falling back to default account ID.
2024-05-12T22:21:28.164  INFO --- [   asgi_gw_0] localstack.request.aws     : AWS ssm.GetParametersByPath => 200
2024-05-12T22:21:28.220  WARN --- [   asgi_gw_2] localstack.aws.accounts    : Ignoring production AWS credentials provided to LocalStack. Falling back to default account ID.
2024-05-12T22:21:28.223  INFO --- [   asgi_gw_2] localstack.request.aws     : AWS ssm.GetParametersByPath => 200
